[2.045s] Invoking command in '/home/rei/ros2_ws/src/mypkg': CONDA_PROMPT_MODIFIER=(base) PYTHONPATH=/home/rei/ros2_ws/src/mypkg/build/mypkg/prefix_override:/usr/lib/python3/dist-packages/colcon_core/task/python/colcon_distutils_commands:/home/rei/ros2_ws/src/mypkg/install/mypkg/lib/python3.12/site-packages:${PYTHONPATH} /usr/bin/python3 -W ignore:setup.py install is deprecated -W ignore:easy_install command is deprecated setup.py egg_info --egg-base build/mypkg build --build-base /home/rei/ros2_ws/src/mypkg/build/mypkg/build install --record /home/rei/ros2_ws/src/mypkg/build/mypkg/install.log --single-version-externally-managed install_data
[2.356s] running egg_info
[2.356s] creating build/mypkg/mypkg.egg-info
[2.376s] writing build/mypkg/mypkg.egg-info/PKG-INFO
[2.377s] writing dependency_links to build/mypkg/mypkg.egg-info/dependency_links.txt
[2.377s] writing entry points to build/mypkg/mypkg.egg-info/entry_points.txt
[2.378s] writing requirements to build/mypkg/mypkg.egg-info/requires.txt
[2.378s] writing top-level names to build/mypkg/mypkg.egg-info/top_level.txt
[2.378s] writing manifest file 'build/mypkg/mypkg.egg-info/SOURCES.txt'
[2.420s] reading manifest file 'build/mypkg/mypkg.egg-info/SOURCES.txt'
[2.422s] writing manifest file 'build/mypkg/mypkg.egg-info/SOURCES.txt'
[2.422s] running build
[2.423s] running build_py
[2.423s] creating /home/rei/ros2_ws/src/mypkg/build/mypkg/build
[2.424s] creating /home/rei/ros2_ws/src/mypkg/build/mypkg/build/lib
[2.424s] creating /home/rei/ros2_ws/src/mypkg/build/mypkg/build/lib/mypkg
[2.424s] copying mypkg/taker.py -> /home/rei/ros2_ws/src/mypkg/build/mypkg/build/lib/mypkg
[2.425s] copying mypkg/__init__.py -> /home/rei/ros2_ws/src/mypkg/build/mypkg/build/lib/mypkg
[2.425s] running install
[2.436s] running install_lib
[2.453s] creating /home/rei/ros2_ws/src/mypkg/install/mypkg/lib/python3.12/site-packages/mypkg
[2.453s] copying /home/rei/ros2_ws/src/mypkg/build/mypkg/build/lib/mypkg/taker.py -> /home/rei/ros2_ws/src/mypkg/install/mypkg/lib/python3.12/site-packages/mypkg
[2.454s] copying /home/rei/ros2_ws/src/mypkg/build/mypkg/build/lib/mypkg/__init__.py -> /home/rei/ros2_ws/src/mypkg/install/mypkg/lib/python3.12/site-packages/mypkg
[2.454s] byte-compiling /home/rei/ros2_ws/src/mypkg/install/mypkg/lib/python3.12/site-packages/mypkg/taker.py to taker.cpython-312.pyc
[2.456s] byte-compiling /home/rei/ros2_ws/src/mypkg/install/mypkg/lib/python3.12/site-packages/mypkg/__init__.py to __init__.cpython-312.pyc
[2.456s] running install_data
[2.457s] creating /home/rei/ros2_ws/src/mypkg/install/mypkg/share/ament_index
[2.457s] creating /home/rei/ros2_ws/src/mypkg/install/mypkg/share/ament_index/resource_index
[2.457s] creating /home/rei/ros2_ws/src/mypkg/install/mypkg/share/ament_index/resource_index/packages
[2.458s] copying resource/mypkg -> /home/rei/ros2_ws/src/mypkg/install/mypkg/share/ament_index/resource_index/packages
[2.459s] copying package.xml -> /home/rei/ros2_ws/src/mypkg/install/mypkg/share/mypkg
[2.459s] running install_egg_info
[2.482s] Copying build/mypkg/mypkg.egg-info to /home/rei/ros2_ws/src/mypkg/install/mypkg/lib/python3.12/site-packages/mypkg-0.0.0-py3.12.egg-info
[2.484s] running install_scripts
[2.646s] Installing talker script to /home/rei/ros2_ws/src/mypkg/install/mypkg/lib/mypkg
[2.647s] writing list of installed files to '/home/rei/ros2_ws/src/mypkg/build/mypkg/install.log'
[2.686s] Invoked command in '/home/rei/ros2_ws/src/mypkg' returned '0': CONDA_PROMPT_MODIFIER=(base) PYTHONPATH=/home/rei/ros2_ws/src/mypkg/build/mypkg/prefix_override:/usr/lib/python3/dist-packages/colcon_core/task/python/colcon_distutils_commands:/home/rei/ros2_ws/src/mypkg/install/mypkg/lib/python3.12/site-packages:${PYTHONPATH} /usr/bin/python3 -W ignore:setup.py install is deprecated -W ignore:easy_install command is deprecated setup.py egg_info --egg-base build/mypkg build --build-base /home/rei/ros2_ws/src/mypkg/build/mypkg/build install --record /home/rei/ros2_ws/src/mypkg/build/mypkg/install.log --single-version-externally-managed install_data
